0 info it worked if it ends with ok
1 verbose cli [ '/usr/bin/node', '/usr/bin/npm', 'install', '-g', 'grunt-cli' ]
2 info using npm@1.4.28
3 info using node@v0.10.37
4 verbose node symlink /usr/bin/node
5 verbose cache add [ 'grunt-cli', null ]
6 verbose cache add name=undefined spec="grunt-cli" args=["grunt-cli",null]
7 verbose parsed url { protocol: null,
7 verbose parsed url   slashes: null,
7 verbose parsed url   auth: null,
7 verbose parsed url   host: null,
7 verbose parsed url   port: null,
7 verbose parsed url   hostname: null,
7 verbose parsed url   hash: null,
7 verbose parsed url   search: null,
7 verbose parsed url   query: null,
7 verbose parsed url   pathname: 'grunt-cli',
7 verbose parsed url   path: 'grunt-cli',
7 verbose parsed url   href: 'grunt-cli' }
8 silly lockFile 671ef8ac-grunt-cli grunt-cli
9 verbose lock grunt-cli /home/sukhmeet032795/.npm/671ef8ac-grunt-cli.lock
10 silly lockFile 671ef8ac-grunt-cli grunt-cli
11 silly lockFile 671ef8ac-grunt-cli grunt-cli
12 verbose addNamed [ 'grunt-cli', '' ]
13 verbose addNamed [ null, '*' ]
14 silly lockFile d63f3d0b-grunt-cli grunt-cli@
15 verbose lock grunt-cli@ /home/sukhmeet032795/.npm/d63f3d0b-grunt-cli.lock
16 silly addNameRange { name: 'grunt-cli', range: '*', hasData: false }
17 verbose request where is /grunt-cli
18 verbose request registry https://registry.npmjs.org/
19 verbose request id c46a64a0a2c49a50
20 verbose url raw /grunt-cli
21 verbose url resolving [ 'https://registry.npmjs.org/', './grunt-cli' ]
22 verbose url resolved https://registry.npmjs.org/grunt-cli
23 verbose request where is https://registry.npmjs.org/grunt-cli
24 info trying registry request attempt 1 at 07:09:35
25 http GET https://registry.npmjs.org/grunt-cli
26 http 200 https://registry.npmjs.org/grunt-cli
27 silly registry.get cb [ 200,
27 silly registry.get   { server: 'nginx/1.10.1',
27 silly registry.get     'content-type': 'application/json',
27 silly registry.get     'last-modified': 'Fri, 23 Dec 2016 18:45:11 GMT',
27 silly registry.get     etag: 'W/"585d70b7-7e06"',
27 silly registry.get     'content-encoding': 'gzip',
27 silly registry.get     'cache-control': 'max-age=300',
27 silly registry.get     'content-length': '5347',
27 silly registry.get     'accept-ranges': 'bytes',
27 silly registry.get     date: 'Sat, 24 Dec 2016 01:39:36 GMT',
27 silly registry.get     via: '1.1 varnish',
27 silly registry.get     age: '10',
27 silly registry.get     connection: 'keep-alive',
27 silly registry.get     'x-served-by': 'cache-sin6927-SIN',
27 silly registry.get     'x-cache': 'HIT',
27 silly registry.get     'x-cache-hits': '1',
27 silly registry.get     'x-timer': 'S1482543576.466826,VS0,VE0',
27 silly registry.get     vary: 'Accept-Encoding' } ]
28 silly addNameRange number 2 { name: 'grunt-cli', range: '*', hasData: true }
29 silly addNameRange versions [ 'grunt-cli',
29 silly addNameRange   [ '0.1.0',
29 silly addNameRange     '0.1.1',
29 silly addNameRange     '0.1.2',
29 silly addNameRange     '0.1.3',
29 silly addNameRange     '0.1.4',
29 silly addNameRange     '0.1.5',
29 silly addNameRange     '0.1.6',
29 silly addNameRange     '0.1.7',
29 silly addNameRange     '0.1.8',
29 silly addNameRange     '0.1.9',
29 silly addNameRange     '0.1.10',
29 silly addNameRange     '0.1.11',
29 silly addNameRange     '0.1.12',
29 silly addNameRange     '0.1.13',
29 silly addNameRange     '1.0.0-rc1',
29 silly addNameRange     '1.0.0',
29 silly addNameRange     '1.0.1',
29 silly addNameRange     '1.1.0',
29 silly addNameRange     '1.2.0' ] ]
30 verbose addNamed [ 'grunt-cli', '1.2.0' ]
31 verbose addNamed [ '1.2.0', '1.2.0' ]
32 silly lockFile 923e46ff-grunt-cli-1-2-0 grunt-cli@1.2.0
33 verbose lock grunt-cli@1.2.0 /home/sukhmeet032795/.npm/923e46ff-grunt-cli-1-2-0.lock
34 silly lockFile 26cc79a9-rg-grunt-cli-grunt-cli-1-2-0-tgz https://registry.npmjs.org/grunt-cli/-/grunt-cli-1.2.0.tgz
35 verbose lock https://registry.npmjs.org/grunt-cli/-/grunt-cli-1.2.0.tgz /home/sukhmeet032795/.npm/26cc79a9-rg-grunt-cli-grunt-cli-1-2-0-tgz.lock
36 verbose addRemoteTarball [ 'https://registry.npmjs.org/grunt-cli/-/grunt-cli-1.2.0.tgz',
36 verbose addRemoteTarball   '562b119ebb069ddb464ace2845501be97b35b6a8' ]
37 info retry fetch attempt 1 at 07:09:36
38 verbose fetch to= /tmp/npm-6554-NQD56cJ7/registry.npmjs.org/grunt-cli/-/grunt-cli-1.2.0.tgz
39 http GET https://registry.npmjs.org/grunt-cli/-/grunt-cli-1.2.0.tgz
40 http 200 https://registry.npmjs.org/grunt-cli/-/grunt-cli-1.2.0.tgz
41 silly lockFile 26cc79a9-rg-grunt-cli-grunt-cli-1-2-0-tgz https://registry.npmjs.org/grunt-cli/-/grunt-cli-1.2.0.tgz
42 silly lockFile 26cc79a9-rg-grunt-cli-grunt-cli-1-2-0-tgz https://registry.npmjs.org/grunt-cli/-/grunt-cli-1.2.0.tgz
43 silly lockFile 923e46ff-grunt-cli-1-2-0 grunt-cli@1.2.0
44 silly lockFile 923e46ff-grunt-cli-1-2-0 grunt-cli@1.2.0
45 silly lockFile d63f3d0b-grunt-cli grunt-cli@
46 silly lockFile d63f3d0b-grunt-cli grunt-cli@
47 silly resolved [ { name: 'grunt-cli',
47 silly resolved     description: 'The grunt command line interface',
47 silly resolved     version: '1.2.0',
47 silly resolved     author:
47 silly resolved      { name: 'Grunt Development Team',
47 silly resolved        url: 'http://gruntjs.com/development-team' },
47 silly resolved     repository:
47 silly resolved      { type: 'git',
47 silly resolved        url: 'git+https://github.com/gruntjs/grunt-cli.git' },
47 silly resolved     license: 'MIT',
47 silly resolved     engines: { node: '>=0.10.0' },
47 silly resolved     scripts: { test: 'node bin/grunt test' },
47 silly resolved     bin: { grunt: 'bin/grunt' },
47 silly resolved     dependencies:
47 silly resolved      { 'findup-sync': '~0.3.0',
47 silly resolved        'grunt-known-options': '~1.1.0',
47 silly resolved        nopt: '~3.0.6',
47 silly resolved        resolve: '~1.1.0' },
47 silly resolved     devDependencies: { grunt: '~0.4.5', 'grunt-contrib-jshint': '~1.0.0' },
47 silly resolved     files: [ 'bin', 'completion', 'lib' ],
47 silly resolved     appveyor_id: 'prp6g944b05jsq6d',
47 silly resolved     contributors: [ [Object], [Object], [Object], [Object] ],
47 silly resolved     gitHead: 'edd8bd29a72f2f28b63fe2629fcb7b9d9f2feb46',
47 silly resolved     bugs: { url: 'https://github.com/gruntjs/grunt-cli/issues' },
47 silly resolved     homepage: 'https://github.com/gruntjs/grunt-cli#readme',
47 silly resolved     _id: 'grunt-cli@1.2.0',
47 silly resolved     _shasum: '562b119ebb069ddb464ace2845501be97b35b6a8',
47 silly resolved     _from: 'grunt-cli@',
47 silly resolved     _npmVersion: '3.8.2',
47 silly resolved     _nodeVersion: '4.2.3',
47 silly resolved     _npmUser: { name: 'vladikoff', email: 'vlad@vladikoff.com' },
47 silly resolved     dist:
47 silly resolved      { shasum: '562b119ebb069ddb464ace2845501be97b35b6a8',
47 silly resolved        tarball: 'https://registry.npmjs.org/grunt-cli/-/grunt-cli-1.2.0.tgz' },
47 silly resolved     maintainers: [ [Object], [Object], [Object], [Object] ],
47 silly resolved     _npmOperationalInternal:
47 silly resolved      { host: 'packages-12-west.internal.npmjs.com',
47 silly resolved        tmp: 'tmp/grunt-cli-1.2.0.tgz_1459558434299_0.8824446983635426' },
47 silly resolved     directories: {},
47 silly resolved     _resolved: 'https://registry.npmjs.org/grunt-cli/-/grunt-cli-1.2.0.tgz' } ]
48 info install grunt-cli@1.2.0 into /usr/lib
49 info installOne grunt-cli@1.2.0
50 verbose lib/node_modules/grunt-cli unbuild
51 verbose tar unpack /home/sukhmeet032795/.npm/grunt-cli/1.2.0/package.tgz
52 silly lockFile 2107e595-r-usr-lib-node-modules-grunt-cli tar:///usr/lib/node_modules/grunt-cli
53 verbose lock tar:///usr/lib/node_modules/grunt-cli /home/sukhmeet032795/.npm/2107e595-r-usr-lib-node-modules-grunt-cli.lock
54 silly lockFile f599cb3c--npm-grunt-cli-1-2-0-package-tgz tar:///home/sukhmeet032795/.npm/grunt-cli/1.2.0/package.tgz
55 verbose lock tar:///home/sukhmeet032795/.npm/grunt-cli/1.2.0/package.tgz /home/sukhmeet032795/.npm/f599cb3c--npm-grunt-cli-1-2-0-package-tgz.lock
56 silly gunzTarPerm modes [ '775', '664' ]
57 error Error: EACCES, mkdir '/usr/lib/node_modules/grunt-cli'
57 error  { [Error: EACCES, mkdir '/usr/lib/node_modules/grunt-cli']
57 error   errno: 3,
57 error   code: 'EACCES',
57 error   path: '/usr/lib/node_modules/grunt-cli',
57 error   fstream_type: 'Directory',
57 error   fstream_path: '/usr/lib/node_modules/grunt-cli',
57 error   fstream_class: 'DirWriter',
57 error   fstream_stack:
57 error    [ '/usr/lib/node_modules/npm/node_modules/fstream/lib/dir-writer.js:36:23',
57 error      '/usr/lib/node_modules/npm/node_modules/mkdirp/index.js:46:53',
57 error      'Object.oncomplete (fs.js:108:15)' ] }
58 error Please try running this command again as root/Administrator.
59 error System Linux 4.4.0-57-generic
60 error command "/usr/bin/node" "/usr/bin/npm" "install" "-g" "grunt-cli"
61 error cwd /home/sukhmeet032795/SukhmeetSingh/PythonProgramming/Build Portfolio /Portfolio/ResponsiveImages/imageMaverick
62 error node -v v0.10.37
63 error npm -v 1.4.28
64 error path /usr/lib/node_modules/grunt-cli
65 error fstream_path /usr/lib/node_modules/grunt-cli
66 error fstream_type Directory
67 error fstream_class DirWriter
68 error code EACCES
69 error errno 3
70 error stack Error: EACCES, mkdir '/usr/lib/node_modules/grunt-cli'
71 error fstream_stack /usr/lib/node_modules/npm/node_modules/fstream/lib/dir-writer.js:36:23
71 error fstream_stack /usr/lib/node_modules/npm/node_modules/mkdirp/index.js:46:53
71 error fstream_stack Object.oncomplete (fs.js:108:15)
72 verbose exit [ 3, true ]
