0 info it worked if it ends with ok
1 verbose cli [ '/usr/bin/node', '/usr/bin/npm', 'install' ]
2 info using npm@1.4.28
3 info using node@v0.10.37
4 verbose node symlink /usr/bin/node
5 verbose readDependencies using package.json deps
6 verbose install where, deps [ '/home/sukhmeet032795/Downloads/Project-Part-3-Start',
6 verbose install   [ 'grunt-responsive-images',
6 verbose install     'grunt',
6 verbose install     'grunt-contrib-clean',
6 verbose install     'grunt-contrib-copy',
6 verbose install     'grunt-contrib-jshint',
6 verbose install     'grunt-contrib-nodeunit',
6 verbose install     'grunt-contrib-uglify',
6 verbose install     'grunt-mkdir' ] ]
7 info preinstall reponsive-images@0.1.0
8 verbose readDependencies using package.json deps
9 verbose cache add [ 'grunt@^0.4.5', null ]
10 verbose cache add name=undefined spec="grunt@^0.4.5" args=["grunt@^0.4.5",null]
11 verbose parsed url { protocol: null,
11 verbose parsed url   slashes: null,
11 verbose parsed url   auth: null,
11 verbose parsed url   host: null,
11 verbose parsed url   port: null,
11 verbose parsed url   hostname: null,
11 verbose parsed url   hash: null,
11 verbose parsed url   search: null,
11 verbose parsed url   query: null,
11 verbose parsed url   pathname: 'grunt@^0.4.5',
11 verbose parsed url   path: 'grunt@^0.4.5',
11 verbose parsed url   href: 'grunt@^0.4.5' }
12 verbose cache add [ 'grunt-contrib-clean@~0.6.0', null ]
13 verbose cache add name=undefined spec="grunt-contrib-clean@~0.6.0" args=["grunt-contrib-clean@~0.6.0",null]
14 verbose parsed url { protocol: null,
14 verbose parsed url   slashes: null,
14 verbose parsed url   auth: null,
14 verbose parsed url   host: null,
14 verbose parsed url   port: null,
14 verbose parsed url   hostname: null,
14 verbose parsed url   hash: null,
14 verbose parsed url   search: null,
14 verbose parsed url   query: null,
14 verbose parsed url   pathname: 'grunt-contrib-clean@~0.6.0',
14 verbose parsed url   path: 'grunt-contrib-clean@~0.6.0',
14 verbose parsed url   href: 'grunt-contrib-clean@~0.6.0' }
15 verbose cache add name="grunt" spec="^0.4.5" args=["grunt","^0.4.5"]
16 verbose parsed url { protocol: null,
16 verbose parsed url   slashes: null,
16 verbose parsed url   auth: null,
16 verbose parsed url   host: null,
16 verbose parsed url   port: null,
16 verbose parsed url   hostname: null,
16 verbose parsed url   hash: null,
16 verbose parsed url   search: null,
16 verbose parsed url   query: null,
16 verbose parsed url   pathname: '^0.4.5',
16 verbose parsed url   path: '^0.4.5',
16 verbose parsed url   href: '^0.4.5' }
17 verbose addNamed [ 'grunt', '^0.4.5' ]
18 verbose addNamed [ null, '>=0.4.5-0 <0.5.0-0' ]
19 verbose cache add [ 'grunt-contrib-copy@~0.8.0', null ]
20 verbose cache add name=undefined spec="grunt-contrib-copy@~0.8.0" args=["grunt-contrib-copy@~0.8.0",null]
21 verbose parsed url { protocol: null,
21 verbose parsed url   slashes: null,
21 verbose parsed url   auth: null,
21 verbose parsed url   host: null,
21 verbose parsed url   port: null,
21 verbose parsed url   hostname: null,
21 verbose parsed url   hash: null,
21 verbose parsed url   search: null,
21 verbose parsed url   query: null,
21 verbose parsed url   pathname: 'grunt-contrib-copy@~0.8.0',
21 verbose parsed url   path: 'grunt-contrib-copy@~0.8.0',
21 verbose parsed url   href: 'grunt-contrib-copy@~0.8.0' }
22 verbose cache add name="grunt-contrib-clean" spec="~0.6.0" args=["grunt-contrib-clean","~0.6.0"]
23 verbose parsed url { protocol: null,
23 verbose parsed url   slashes: null,
23 verbose parsed url   auth: null,
23 verbose parsed url   host: null,
23 verbose parsed url   port: null,
23 verbose parsed url   hostname: null,
23 verbose parsed url   hash: null,
23 verbose parsed url   search: null,
23 verbose parsed url   query: null,
23 verbose parsed url   pathname: '~0.6.0',
23 verbose parsed url   path: '~0.6.0',
23 verbose parsed url   href: '~0.6.0' }
24 verbose addNamed [ 'grunt-contrib-clean', '~0.6.0' ]
25 verbose addNamed [ null, '>=0.6.0-0 <0.7.0-0' ]
26 silly lockFile 73541f84-grunt-0-4-5 grunt@^0.4.5
27 verbose lock grunt@^0.4.5 /home/sukhmeet032795/.npm/73541f84-grunt-0-4-5.lock
28 silly lockFile 944867a7-grunt-contrib-clean-0-6-0 grunt-contrib-clean@~0.6.0
29 verbose lock grunt-contrib-clean@~0.6.0 /home/sukhmeet032795/.npm/944867a7-grunt-contrib-clean-0-6-0.lock
30 verbose cache add [ 'grunt-contrib-jshint@~0.10.0', null ]
31 verbose cache add name=undefined spec="grunt-contrib-jshint@~0.10.0" args=["grunt-contrib-jshint@~0.10.0",null]
32 verbose parsed url { protocol: null,
32 verbose parsed url   slashes: null,
32 verbose parsed url   auth: null,
32 verbose parsed url   host: null,
32 verbose parsed url   port: null,
32 verbose parsed url   hostname: null,
32 verbose parsed url   hash: null,
32 verbose parsed url   search: null,
32 verbose parsed url   query: null,
32 verbose parsed url   pathname: 'grunt-contrib-jshint@~0.10.0',
32 verbose parsed url   path: 'grunt-contrib-jshint@~0.10.0',
32 verbose parsed url   href: 'grunt-contrib-jshint@~0.10.0' }
33 verbose cache add name="grunt-contrib-copy" spec="~0.8.0" args=["grunt-contrib-copy","~0.8.0"]
34 verbose parsed url { protocol: null,
34 verbose parsed url   slashes: null,
34 verbose parsed url   auth: null,
34 verbose parsed url   host: null,
34 verbose parsed url   port: null,
34 verbose parsed url   hostname: null,
34 verbose parsed url   hash: null,
34 verbose parsed url   search: null,
34 verbose parsed url   query: null,
34 verbose parsed url   pathname: '~0.8.0',
34 verbose parsed url   path: '~0.8.0',
34 verbose parsed url   href: '~0.8.0' }
35 verbose addNamed [ 'grunt-contrib-copy', '~0.8.0' ]
36 verbose addNamed [ null, '>=0.8.0-0 <0.9.0-0' ]
37 silly lockFile 0e8a5e90-grunt-contrib-copy-0-8-0 grunt-contrib-copy@~0.8.0
38 verbose lock grunt-contrib-copy@~0.8.0 /home/sukhmeet032795/.npm/0e8a5e90-grunt-contrib-copy-0-8-0.lock
39 verbose cache add [ 'grunt-contrib-nodeunit@~0.4.1', null ]
40 verbose cache add name=undefined spec="grunt-contrib-nodeunit@~0.4.1" args=["grunt-contrib-nodeunit@~0.4.1",null]
41 verbose parsed url { protocol: null,
41 verbose parsed url   slashes: null,
41 verbose parsed url   auth: null,
41 verbose parsed url   host: null,
41 verbose parsed url   port: null,
41 verbose parsed url   hostname: null,
41 verbose parsed url   hash: null,
41 verbose parsed url   search: null,
41 verbose parsed url   query: null,
41 verbose parsed url   pathname: 'grunt-contrib-nodeunit@~0.4.1',
41 verbose parsed url   path: 'grunt-contrib-nodeunit@~0.4.1',
41 verbose parsed url   href: 'grunt-contrib-nodeunit@~0.4.1' }
42 verbose cache add name="grunt-contrib-jshint" spec="~0.10.0" args=["grunt-contrib-jshint","~0.10.0"]
43 verbose parsed url { protocol: null,
43 verbose parsed url   slashes: null,
43 verbose parsed url   auth: null,
43 verbose parsed url   host: null,
43 verbose parsed url   port: null,
43 verbose parsed url   hostname: null,
43 verbose parsed url   hash: null,
43 verbose parsed url   search: null,
43 verbose parsed url   query: null,
43 verbose parsed url   pathname: '~0.10.0',
43 verbose parsed url   path: '~0.10.0',
43 verbose parsed url   href: '~0.10.0' }
44 verbose addNamed [ 'grunt-contrib-jshint', '~0.10.0' ]
45 verbose addNamed [ null, '>=0.10.0-0 <0.11.0-0' ]
46 silly lockFile 956acfd4-grunt-contrib-jshint-0-10-0 grunt-contrib-jshint@~0.10.0
47 verbose lock grunt-contrib-jshint@~0.10.0 /home/sukhmeet032795/.npm/956acfd4-grunt-contrib-jshint-0-10-0.lock
48 silly addNameRange { name: 'grunt', range: '>=0.4.5-0 <0.5.0-0', hasData: false }
49 silly addNameRange { name: 'grunt-contrib-clean',
49 silly addNameRange   range: '>=0.6.0-0 <0.7.0-0',
49 silly addNameRange   hasData: false }
50 verbose cache add [ 'grunt-contrib-uglify@~0.5.0', null ]
51 verbose cache add name=undefined spec="grunt-contrib-uglify@~0.5.0" args=["grunt-contrib-uglify@~0.5.0",null]
52 verbose parsed url { protocol: null,
52 verbose parsed url   slashes: null,
52 verbose parsed url   auth: null,
52 verbose parsed url   host: null,
52 verbose parsed url   port: null,
52 verbose parsed url   hostname: null,
52 verbose parsed url   hash: null,
52 verbose parsed url   search: null,
52 verbose parsed url   query: null,
52 verbose parsed url   pathname: 'grunt-contrib-uglify@~0.5.0',
52 verbose parsed url   path: 'grunt-contrib-uglify@~0.5.0',
52 verbose parsed url   href: 'grunt-contrib-uglify@~0.5.0' }
53 verbose cache add [ 'grunt-mkdir@~0.1.2', null ]
54 verbose cache add name=undefined spec="grunt-mkdir@~0.1.2" args=["grunt-mkdir@~0.1.2",null]
55 verbose parsed url { protocol: null,
55 verbose parsed url   slashes: null,
55 verbose parsed url   auth: null,
55 verbose parsed url   host: null,
55 verbose parsed url   port: null,
55 verbose parsed url   hostname: null,
55 verbose parsed url   hash: null,
55 verbose parsed url   search: null,
55 verbose parsed url   query: null,
55 verbose parsed url   pathname: 'grunt-mkdir@~0.1.2',
55 verbose parsed url   path: 'grunt-mkdir@~0.1.2',
55 verbose parsed url   href: 'grunt-mkdir@~0.1.2' }
56 verbose already installed skipping grunt-responsive-images@^0.1.9 /home/sukhmeet032795/Downloads/Project-Part-3-Start
57 verbose cache add name="grunt-contrib-nodeunit" spec="~0.4.1" args=["grunt-contrib-nodeunit","~0.4.1"]
58 verbose parsed url { protocol: null,
58 verbose parsed url   slashes: null,
58 verbose parsed url   auth: null,
58 verbose parsed url   host: null,
58 verbose parsed url   port: null,
58 verbose parsed url   hostname: null,
58 verbose parsed url   hash: null,
58 verbose parsed url   search: null,
58 verbose parsed url   query: null,
58 verbose parsed url   pathname: '~0.4.1',
58 verbose parsed url   path: '~0.4.1',
58 verbose parsed url   href: '~0.4.1' }
59 verbose addNamed [ 'grunt-contrib-nodeunit', '~0.4.1' ]
60 verbose addNamed [ null, '>=0.4.1-0 <0.5.0-0' ]
61 silly lockFile 4d6b3342-grunt-contrib-nodeunit-0-4-1 grunt-contrib-nodeunit@~0.4.1
62 verbose lock grunt-contrib-nodeunit@~0.4.1 /home/sukhmeet032795/.npm/4d6b3342-grunt-contrib-nodeunit-0-4-1.lock
63 silly addNameRange { name: 'grunt-contrib-copy',
63 silly addNameRange   range: '>=0.8.0-0 <0.9.0-0',
63 silly addNameRange   hasData: false }
64 verbose cache add name="grunt-contrib-uglify" spec="~0.5.0" args=["grunt-contrib-uglify","~0.5.0"]
65 verbose parsed url { protocol: null,
65 verbose parsed url   slashes: null,
65 verbose parsed url   auth: null,
65 verbose parsed url   host: null,
65 verbose parsed url   port: null,
65 verbose parsed url   hostname: null,
65 verbose parsed url   hash: null,
65 verbose parsed url   search: null,
65 verbose parsed url   query: null,
65 verbose parsed url   pathname: '~0.5.0',
65 verbose parsed url   path: '~0.5.0',
65 verbose parsed url   href: '~0.5.0' }
66 verbose addNamed [ 'grunt-contrib-uglify', '~0.5.0' ]
67 verbose addNamed [ null, '>=0.5.0-0 <0.6.0-0' ]
68 silly lockFile 2d901165-grunt-contrib-uglify-0-5-0 grunt-contrib-uglify@~0.5.0
69 verbose lock grunt-contrib-uglify@~0.5.0 /home/sukhmeet032795/.npm/2d901165-grunt-contrib-uglify-0-5-0.lock
70 verbose cache add name="grunt-mkdir" spec="~0.1.2" args=["grunt-mkdir","~0.1.2"]
71 verbose parsed url { protocol: null,
71 verbose parsed url   slashes: null,
71 verbose parsed url   auth: null,
71 verbose parsed url   host: null,
71 verbose parsed url   port: null,
71 verbose parsed url   hostname: null,
71 verbose parsed url   hash: null,
71 verbose parsed url   search: null,
71 verbose parsed url   query: null,
71 verbose parsed url   pathname: '~0.1.2',
71 verbose parsed url   path: '~0.1.2',
71 verbose parsed url   href: '~0.1.2' }
72 verbose addNamed [ 'grunt-mkdir', '~0.1.2' ]
73 verbose addNamed [ null, '>=0.1.2-0 <0.2.0-0' ]
74 silly lockFile 542eda85-grunt-mkdir-0-1-2 grunt-mkdir@~0.1.2
75 verbose lock grunt-mkdir@~0.1.2 /home/sukhmeet032795/.npm/542eda85-grunt-mkdir-0-1-2.lock
76 silly addNameRange { name: 'grunt-contrib-jshint',
76 silly addNameRange   range: '>=0.10.0-0 <0.11.0-0',
76 silly addNameRange   hasData: false }
77 silly addNameRange { name: 'grunt-contrib-nodeunit',
77 silly addNameRange   range: '>=0.4.1-0 <0.5.0-0',
77 silly addNameRange   hasData: false }
78 verbose request where is /grunt-contrib-jshint
79 verbose request registry https://registry.npmjs.org/
80 verbose request id cbb83d5c5f3e7d52
81 verbose url raw /grunt-contrib-jshint
82 verbose url resolving [ 'https://registry.npmjs.org/', './grunt-contrib-jshint' ]
83 verbose url resolved https://registry.npmjs.org/grunt-contrib-jshint
84 verbose request where is https://registry.npmjs.org/grunt-contrib-jshint
85 info trying registry request attempt 1 at 01:59:30
86 http GET https://registry.npmjs.org/grunt-contrib-jshint
87 silly addNameRange { name: 'grunt-contrib-uglify',
87 silly addNameRange   range: '>=0.5.0-0 <0.6.0-0',
87 silly addNameRange   hasData: false }
88 silly addNameRange { name: 'grunt-mkdir',
88 silly addNameRange   range: '>=0.1.2-0 <0.2.0-0',
88 silly addNameRange   hasData: false }
89 verbose request where is /grunt-contrib-nodeunit
90 verbose request registry https://registry.npmjs.org/
91 verbose url raw /grunt-contrib-nodeunit
92 verbose url resolving [ 'https://registry.npmjs.org/', './grunt-contrib-nodeunit' ]
93 verbose url resolved https://registry.npmjs.org/grunt-contrib-nodeunit
94 verbose request where is https://registry.npmjs.org/grunt-contrib-nodeunit
95 info trying registry request attempt 1 at 01:59:30
96 http GET https://registry.npmjs.org/grunt-contrib-nodeunit
97 verbose request where is /grunt-contrib-uglify
98 verbose request registry https://registry.npmjs.org/
99 verbose url raw /grunt-contrib-uglify
100 verbose url resolving [ 'https://registry.npmjs.org/', './grunt-contrib-uglify' ]
101 verbose url resolved https://registry.npmjs.org/grunt-contrib-uglify
102 verbose request where is https://registry.npmjs.org/grunt-contrib-uglify
103 info trying registry request attempt 1 at 01:59:30
104 http GET https://registry.npmjs.org/grunt-contrib-uglify
105 verbose request where is /grunt
106 verbose request registry https://registry.npmjs.org/
107 verbose url raw /grunt
108 verbose url resolving [ 'https://registry.npmjs.org/', './grunt' ]
109 verbose url resolved https://registry.npmjs.org/grunt
110 verbose request where is https://registry.npmjs.org/grunt
111 info trying registry request attempt 1 at 01:59:30
112 verbose etag W/"58596b2c-1884e"
113 http GET https://registry.npmjs.org/grunt
114 verbose request where is /grunt-contrib-clean
115 verbose request registry https://registry.npmjs.org/
116 verbose url raw /grunt-contrib-clean
117 verbose url resolving [ 'https://registry.npmjs.org/', './grunt-contrib-clean' ]
118 verbose url resolved https://registry.npmjs.org/grunt-contrib-clean
119 verbose request where is https://registry.npmjs.org/grunt-contrib-clean
120 info trying registry request attempt 1 at 01:59:30
121 verbose etag W/"58553065-7670"
122 http GET https://registry.npmjs.org/grunt-contrib-clean
123 verbose request where is /grunt-contrib-copy
124 verbose request registry https://registry.npmjs.org/
125 verbose url raw /grunt-contrib-copy
126 verbose url resolving [ 'https://registry.npmjs.org/', './grunt-contrib-copy' ]
127 verbose url resolved https://registry.npmjs.org/grunt-contrib-copy
128 verbose request where is https://registry.npmjs.org/grunt-contrib-copy
129 info trying registry request attempt 1 at 01:59:30
130 verbose etag W/"5823a0c1-9cc3"
131 http GET https://registry.npmjs.org/grunt-contrib-copy
132 verbose request where is /grunt-mkdir
133 verbose request registry https://registry.npmjs.org/
134 verbose url raw /grunt-mkdir
135 verbose url resolving [ 'https://registry.npmjs.org/', './grunt-mkdir' ]
136 verbose url resolved https://registry.npmjs.org/grunt-mkdir
137 verbose request where is https://registry.npmjs.org/grunt-mkdir
138 info trying registry request attempt 1 at 01:59:30
139 verbose etag W/"56cad123-24e5"
140 http GET https://registry.npmjs.org/grunt-mkdir
141 http 200 https://registry.npmjs.org/grunt-contrib-jshint
142 silly registry.get cb [ 200,
142 silly registry.get   { server: 'nginx/1.10.1',
142 silly registry.get     'content-type': 'application/json',
142 silly registry.get     'last-modified': 'Mon, 26 Dec 2016 16:12:20 GMT',
142 silly registry.get     etag: 'W/"58614164-10f88"',
142 silly registry.get     'content-encoding': 'gzip',
142 silly registry.get     'cache-control': 'max-age=300',
142 silly registry.get     'content-length': '8788',
142 silly registry.get     'accept-ranges': 'bytes',
142 silly registry.get     date: 'Wed, 04 Jan 2017 20:29:31 GMT',
142 silly registry.get     via: '1.1 varnish',
142 silly registry.get     age: '181',
142 silly registry.get     connection: 'keep-alive',
142 silly registry.get     'x-served-by': 'cache-ams4428-AMS',
142 silly registry.get     'x-cache': 'HIT',
142 silly registry.get     'x-cache-hits': '1',
142 silly registry.get     'x-timer': 'S1483561771.550420,VS0,VE0',
142 silly registry.get     vary: 'Accept-Encoding' } ]
143 http 304 https://registry.npmjs.org/grunt-contrib-clean
144 silly registry.get cb [ 304,
144 silly registry.get   { date: 'Wed, 04 Jan 2017 20:29:31 GMT',
144 silly registry.get     via: '1.1 varnish',
144 silly registry.get     'cache-control': 'max-age=300',
144 silly registry.get     etag: 'W/"58553065-7670"',
144 silly registry.get     age: '131',
144 silly registry.get     connection: 'keep-alive',
144 silly registry.get     'x-served-by': 'cache-ams4143-AMS',
144 silly registry.get     'x-cache': 'HIT',
144 silly registry.get     'x-cache-hits': '1',
144 silly registry.get     'x-timer': 'S1483561771.554065,VS0,VE0',
144 silly registry.get     vary: 'Accept-Encoding' } ]
145 verbose etag https://registry.npmjs.org/grunt-contrib-clean from cache
146 http 200 https://registry.npmjs.org/grunt-contrib-nodeunit
147 silly registry.get cb [ 200,
147 silly registry.get   { server: 'nginx/1.10.1',
147 silly registry.get     'content-type': 'application/json',
147 silly registry.get     'last-modified': 'Fri, 04 Mar 2016 20:46:00 GMT',
147 silly registry.get     etag: 'W/"56d9f408-6f7c"',
147 silly registry.get     'content-encoding': 'gzip',
147 silly registry.get     'cache-control': 'max-age=300',
147 silly registry.get     'content-length': '4488',
147 silly registry.get     'accept-ranges': 'bytes',
147 silly registry.get     date: 'Wed, 04 Jan 2017 20:29:31 GMT',
147 silly registry.get     via: '1.1 varnish',
147 silly registry.get     age: '0',
147 silly registry.get     connection: 'keep-alive',
147 silly registry.get     'x-served-by': 'cache-ams4433-AMS',
147 silly registry.get     'x-cache': 'HIT',
147 silly registry.get     'x-cache-hits': '1',
147 silly registry.get     'x-timer': 'S1483561771.548006,VS0,VE7',
147 silly registry.get     vary: 'Accept-Encoding' } ]
148 silly addNameRange number 2 { name: 'grunt-contrib-clean',
148 silly addNameRange   range: '>=0.6.0-0 <0.7.0-0',
148 silly addNameRange   hasData: true }
149 silly addNameRange versions [ 'grunt-contrib-clean',
149 silly addNameRange   [ '0.1.0',
149 silly addNameRange     '0.2.0',
149 silly addNameRange     '0.3.0',
149 silly addNameRange     '0.3.1',
149 silly addNameRange     '0.3.2',
149 silly addNameRange     '0.4.0',
149 silly addNameRange     '0.4.1',
149 silly addNameRange     '0.5.0',
149 silly addNameRange     '0.6.0',
149 silly addNameRange     '0.7.0',
149 silly addNameRange     '1.0.0',
149 silly addNameRange     '0.4.0-a',
149 silly addNameRange     '0.4.0-rc5',
149 silly addNameRange     '0.4.0-rc6' ] ]
150 verbose addNamed [ 'grunt-contrib-clean', '0.6.0' ]
151 verbose addNamed [ '0.6.0', '0.6.0' ]
152 silly lockFile 0a668ef6-grunt-contrib-clean-0-6-0 grunt-contrib-clean@0.6.0
153 verbose lock grunt-contrib-clean@0.6.0 /home/sukhmeet032795/.npm/0a668ef6-grunt-contrib-clean-0-6-0.lock
154 silly addNameRange number 2 { name: 'grunt-contrib-jshint',
154 silly addNameRange   range: '>=0.10.0-0 <0.11.0-0',
154 silly addNameRange   hasData: true }
155 silly addNameRange versions [ 'grunt-contrib-jshint',
155 silly addNameRange   [ '0.1.0',
155 silly addNameRange     '0.1.1',
155 silly addNameRange     '0.2.0',
155 silly addNameRange     '0.3.0',
155 silly addNameRange     '0.4.0',
155 silly addNameRange     '0.4.1',
155 silly addNameRange     '0.4.2',
155 silly addNameRange     '0.4.3',
155 silly addNameRange     '0.5.0',
155 silly addNameRange     '0.5.1',
155 silly addNameRange     '0.5.2',
155 silly addNameRange     '0.5.3',
155 silly addNameRange     '0.5.4',
155 silly addNameRange     '0.6.0',
155 silly addNameRange     '0.6.1',
155 silly addNameRange     '0.6.2',
155 silly addNameRange     '0.6.3',
155 silly addNameRange     '0.6.4',
155 silly addNameRange     '0.6.5',
155 silly addNameRange     '0.7.0',
155 silly addNameRange     '0.7.1',
155 silly addNameRange     '0.7.2',
155 silly addNameRange     '0.8.0',
155 silly addNameRange     '0.9.0',
155 silly addNameRange     '0.9.1',
155 silly addNameRange     '0.9.2',
155 silly addNameRange     '0.10.0',
155 silly addNameRange     '0.11.0',
155 silly addNameRange     '0.11.1',
155 silly addNameRange     '0.11.2',
155 silly addNameRange     '0.11.3',
155 silly addNameRange     '0.12.0',
155 silly addNameRange     '1.0.0',
155 silly addNameRange     '1.1.0',
155 silly addNameRange     '0.1.1-rc5',
155 silly addNameRange     '0.1.1-rc6' ] ]
156 verbose addNamed [ 'grunt-contrib-jshint', '0.10.0' ]
157 verbose addNamed [ '0.10.0', '0.10.0' ]
158 silly lockFile af8d4102-grunt-contrib-jshint-0-10-0 grunt-contrib-jshint@0.10.0
159 verbose lock grunt-contrib-jshint@0.10.0 /home/sukhmeet032795/.npm/af8d4102-grunt-contrib-jshint-0-10-0.lock
160 silly addNameRange number 2 { name: 'grunt-contrib-nodeunit',
160 silly addNameRange   range: '>=0.4.1-0 <0.5.0-0',
160 silly addNameRange   hasData: true }
161 silly addNameRange versions [ 'grunt-contrib-nodeunit',
161 silly addNameRange   [ '0.1.0',
161 silly addNameRange     '0.1.1',
161 silly addNameRange     '0.1.2',
161 silly addNameRange     '0.2.0',
161 silly addNameRange     '0.2.1',
161 silly addNameRange     '0.2.2',
161 silly addNameRange     '0.3.0',
161 silly addNameRange     '0.1.2-rc5',
161 silly addNameRange     '0.1.2-rc6',
161 silly addNameRange     '0.3.1',
161 silly addNameRange     '0.3.2',
161 silly addNameRange     '0.3.3',
161 silly addNameRange     '0.4.0',
161 silly addNameRange     '0.4.1',
161 silly addNameRange     '1.0.0' ] ]
162 verbose addNamed [ 'grunt-contrib-nodeunit', '0.4.1' ]
163 verbose addNamed [ '0.4.1', '0.4.1' ]
164 silly lockFile 3261ce55-grunt-contrib-nodeunit-0-4-1 grunt-contrib-nodeunit@0.4.1
165 verbose lock grunt-contrib-nodeunit@0.4.1 /home/sukhmeet032795/.npm/3261ce55-grunt-contrib-nodeunit-0-4-1.lock
166 silly lockFile 97fbf99a--grunt-contrib-jshint-0-10-0-tgz https://registry.npmjs.org/grunt-contrib-jshint/-/grunt-contrib-jshint-0.10.0.tgz
167 verbose lock https://registry.npmjs.org/grunt-contrib-jshint/-/grunt-contrib-jshint-0.10.0.tgz /home/sukhmeet032795/.npm/97fbf99a--grunt-contrib-jshint-0-10-0-tgz.lock
168 verbose addRemoteTarball [ 'https://registry.npmjs.org/grunt-contrib-jshint/-/grunt-contrib-jshint-0.10.0.tgz',
168 verbose addRemoteTarball   '57ebccca87e8f327af6645d8a3c586d4845e4d81' ]
169 silly lockFile 386c66f6-grunt-contrib-nodeunit-0-4-1-tgz https://registry.npmjs.org/grunt-contrib-nodeunit/-/grunt-contrib-nodeunit-0.4.1.tgz
170 verbose lock https://registry.npmjs.org/grunt-contrib-nodeunit/-/grunt-contrib-nodeunit-0.4.1.tgz /home/sukhmeet032795/.npm/386c66f6-grunt-contrib-nodeunit-0-4-1-tgz.lock
171 verbose addRemoteTarball [ 'https://registry.npmjs.org/grunt-contrib-nodeunit/-/grunt-contrib-nodeunit-0.4.1.tgz',
171 verbose addRemoteTarball   '943393ee5d66b1cdadb49a9b23aaee44455095b2' ]
172 http 200 https://registry.npmjs.org/grunt-contrib-uglify
173 silly registry.get cb [ 200,
173 silly registry.get   { server: 'nginx/1.10.1',
173 silly registry.get     'content-type': 'application/json',
173 silly registry.get     'last-modified': 'Tue, 20 Dec 2016 20:25:28 GMT',
173 silly registry.get     etag: 'W/"585993b8-155d4"',
173 silly registry.get     'content-encoding': 'gzip',
173 silly registry.get     'cache-control': 'max-age=300',
173 silly registry.get     'content-length': '12400',
173 silly registry.get     'accept-ranges': 'bytes',
173 silly registry.get     date: 'Wed, 04 Jan 2017 20:29:31 GMT',
173 silly registry.get     via: '1.1 varnish',
173 silly registry.get     age: '241',
173 silly registry.get     connection: 'keep-alive',
173 silly registry.get     'x-served-by': 'cache-ams4124-AMS',
173 silly registry.get     'x-cache': 'HIT',
173 silly registry.get     'x-cache-hits': '2',
173 silly registry.get     'x-timer': 'S1483561771.561748,VS0,VE0',
173 silly registry.get     vary: 'Accept-Encoding' } ]
174 info retry fetch attempt 1 at 01:59:31
175 verbose fetch to= /tmp/npm-3511-t0hqf45b/registry.npmjs.org/grunt-contrib-jshint/-/grunt-contrib-jshint-0.10.0.tgz
176 info retry fetch attempt 1 at 01:59:31
177 verbose fetch to= /tmp/npm-3511-t0hqf45b/registry.npmjs.org/grunt-contrib-nodeunit/-/grunt-contrib-nodeunit-0.4.1.tgz
178 http GET https://registry.npmjs.org/grunt-contrib-jshint/-/grunt-contrib-jshint-0.10.0.tgz
179 http GET https://registry.npmjs.org/grunt-contrib-nodeunit/-/grunt-contrib-nodeunit-0.4.1.tgz
180 silly lockFile a195317b-an-grunt-contrib-clean-0-6-0-tgz https://registry.npmjs.org/grunt-contrib-clean/-/grunt-contrib-clean-0.6.0.tgz
181 verbose lock https://registry.npmjs.org/grunt-contrib-clean/-/grunt-contrib-clean-0.6.0.tgz /home/sukhmeet032795/.npm/a195317b-an-grunt-contrib-clean-0-6-0-tgz.lock
182 silly addNameRange number 2 { name: 'grunt-contrib-uglify',
182 silly addNameRange   range: '>=0.5.0-0 <0.6.0-0',
182 silly addNameRange   hasData: true }
183 silly addNameRange versions [ 'grunt-contrib-uglify',
183 silly addNameRange   [ '0.1.0',
183 silly addNameRange     '0.1.1',
183 silly addNameRange     '0.1.2',
183 silly addNameRange     '0.2.0',
183 silly addNameRange     '0.2.1',
183 silly addNameRange     '0.2.2',
183 silly addNameRange     '0.2.3',
183 silly addNameRange     '0.2.4',
183 silly addNameRange     '0.2.5',
183 silly addNameRange     '0.2.6',
183 silly addNameRange     '0.2.7',
183 silly addNameRange     '0.3.0',
183 silly addNameRange     '0.3.1',
183 silly addNameRange     '0.1.1-rc5',
183 silly addNameRange     '0.1.1-rc6',
183 silly addNameRange     '0.3.2',
183 silly addNameRange     '0.3.3',
183 silly addNameRange     '0.4.0',
183 silly addNameRange     '0.5.0',
183 silly addNameRange     '0.4.1',
183 silly addNameRange     '0.5.1',
183 silly addNameRange     '0.6.0',
183 silly addNameRange     '0.7.0',
183 silly addNameRange     '0.8.0',
183 silly addNameRange     '0.8.1',
183 silly addNameRange     '0.9.0',
183 silly addNameRange     '0.9.1',
183 silly addNameRange     '0.9.2',
183 silly addNameRange     '0.10.0',
183 silly addNameRange     '0.10.1',
183 silly addNameRange     '0.11.0',
183 silly addNameRange     '0.11.1',
183 silly addNameRange     '1.0.0',
183 silly addNameRange     '1.0.1',
183 silly addNameRange     '1.0.2',
183 silly addNameRange     '2.0.0' ] ]
184 verbose addNamed [ 'grunt-contrib-uglify', '0.5.1' ]
185 verbose addNamed [ '0.5.1', '0.5.1' ]
186 silly lockFile a34481be-grunt-contrib-uglify-0-5-1 grunt-contrib-uglify@0.5.1
187 verbose lock grunt-contrib-uglify@0.5.1 /home/sukhmeet032795/.npm/a34481be-grunt-contrib-uglify-0-5-1.lock
188 verbose addRemoteTarball [ 'https://registry.npmjs.org/grunt-contrib-clean/-/grunt-contrib-clean-0.6.0.tgz',
188 verbose addRemoteTarball   'f532dba4b8212674c7c013e146bda6638b9048f6' ]
189 silly lockFile c69dfd91-y-grunt-contrib-uglify-0-5-1-tgz https://registry.npmjs.org/grunt-contrib-uglify/-/grunt-contrib-uglify-0.5.1.tgz
190 verbose lock https://registry.npmjs.org/grunt-contrib-uglify/-/grunt-contrib-uglify-0.5.1.tgz /home/sukhmeet032795/.npm/c69dfd91-y-grunt-contrib-uglify-0-5-1-tgz.lock
191 info retry fetch attempt 1 at 01:59:31
192 verbose fetch to= /tmp/npm-3511-t0hqf45b/registry.npmjs.org/grunt-contrib-clean/-/grunt-contrib-clean-0.6.0.tgz
193 verbose addRemoteTarball [ 'https://registry.npmjs.org/grunt-contrib-uglify/-/grunt-contrib-uglify-0.5.1.tgz',
193 verbose addRemoteTarball   '15f0aa5e8e8ba421aea980879ee505bc712b6cde' ]
194 http GET https://registry.npmjs.org/grunt-contrib-clean/-/grunt-contrib-clean-0.6.0.tgz
195 info retry fetch attempt 1 at 01:59:31
196 verbose fetch to= /tmp/npm-3511-t0hqf45b/registry.npmjs.org/grunt-contrib-uglify/-/grunt-contrib-uglify-0.5.1.tgz
197 http GET https://registry.npmjs.org/grunt-contrib-uglify/-/grunt-contrib-uglify-0.5.1.tgz
198 http 304 https://registry.npmjs.org/grunt
199 silly registry.get cb [ 304,
199 silly registry.get   { date: 'Wed, 04 Jan 2017 20:29:31 GMT',
199 silly registry.get     via: '1.1 varnish',
199 silly registry.get     'cache-control': 'max-age=300',
199 silly registry.get     etag: 'W/"58596b2c-1884e"',
199 silly registry.get     age: '242',
199 silly registry.get     connection: 'keep-alive',
199 silly registry.get     'x-served-by': 'cache-ams4143-AMS',
199 silly registry.get     'x-cache': 'HIT',
199 silly registry.get     'x-cache-hits': '1',
199 silly registry.get     'x-timer': 'S1483561771.636992,VS0,VE0',
199 silly registry.get     vary: 'Accept-Encoding' } ]
200 verbose etag https://registry.npmjs.org/grunt from cache
201 silly addNameRange number 2 { name: 'grunt', range: '>=0.4.5-0 <0.5.0-0', hasData: true }
202 silly addNameRange versions [ 'grunt',
202 silly addNameRange   [ '0.1.0',
202 silly addNameRange     '0.1.1',
202 silly addNameRange     '0.1.2',
202 silly addNameRange     '0.2.0',
202 silly addNameRange     '0.2.1',
202 silly addNameRange     '0.2.2',
202 silly addNameRange     '0.2.3',
202 silly addNameRange     '0.2.4',
202 silly addNameRange     '0.2.5',
202 silly addNameRange     '0.2.6',
202 silly addNameRange     '0.2.7',
202 silly addNameRange     '0.2.8',
202 silly addNameRange     '0.2.9',
202 silly addNameRange     '0.2.10',
202 silly addNameRange     '0.2.11',
202 silly addNameRange     '0.2.12',
202 silly addNameRange     '0.2.13',
202 silly addNameRange     '0.2.14',
202 silly addNameRange     '0.2.15',
202 silly addNameRange     '0.3.0',
202 silly addNameRange     '0.3.1',
202 silly addNameRange     '0.3.2',
202 silly addNameRange     '0.3.3',
202 silly addNameRange     '0.3.4',
202 silly addNameRange     '0.3.5',
202 silly addNameRange     '0.3.6',
202 silly addNameRange     '0.3.7',
202 silly addNameRange     '0.3.8',
202 silly addNameRange     '0.3.9',
202 silly addNameRange     '0.3.10',
202 silly addNameRange     '0.3.11',
202 silly addNameRange     '0.3.12',
202 silly addNameRange     '0.3.13',
202 silly addNameRange     '0.3.14',
202 silly addNameRange     '0.3.15',
202 silly addNameRange     '0.3.16',
202 silly addNameRange     '0.3.17',
202 silly addNameRange     '0.4.0',
202 silly addNameRange     '0.4.1',
202 silly addNameRange     '0.4.2',
202 silly addNameRange     '0.4.3',
202 silly addNameRange     '0.4.4',
202 silly addNameRange     '0.4.5',
202 silly addNameRange     '1.0.0-rc1',
202 silly addNameRange     '1.0.0',
202 silly addNameRange     '1.0.1',
202 silly addNameRange     '0.3.13-a',
202 silly addNameRange     '0.4.0-a',
202 silly addNameRange     '0.4.0-rc1',
202 silly addNameRange     '0.4.0-rc2',
202 silly addNameRange     '0.4.0-rc3',
202 silly addNameRange     '0.4.0-rc4',
202 silly addNameRange     '0.4.0-rc5',
202 silly addNameRange     '0.4.0-rc6',
202 silly addNameRange     '0.4.0-rc7',
202 silly addNameRange     '0.4.0-rc8' ] ]
203 verbose addNamed [ 'grunt', '0.4.5' ]
204 verbose addNamed [ '0.4.5', '0.4.5' ]
205 silly lockFile 81abf7ad-grunt-0-4-5 grunt@0.4.5
206 verbose lock grunt@0.4.5 /home/sukhmeet032795/.npm/81abf7ad-grunt-0-4-5.lock
207 silly lockFile 81abf7ad-grunt-0-4-5 grunt@0.4.5
208 silly lockFile 81abf7ad-grunt-0-4-5 grunt@0.4.5
209 silly lockFile 73541f84-grunt-0-4-5 grunt@^0.4.5
210 silly lockFile 73541f84-grunt-0-4-5 grunt@^0.4.5
211 http 304 https://registry.npmjs.org/grunt-contrib-copy
212 silly registry.get cb [ 304,
212 silly registry.get   { date: 'Wed, 04 Jan 2017 20:29:31 GMT',
212 silly registry.get     via: '1.1 varnish',
212 silly registry.get     'cache-control': 'max-age=300',
212 silly registry.get     etag: 'W/"5823a0c1-9cc3"',
212 silly registry.get     age: '75',
212 silly registry.get     connection: 'keep-alive',
212 silly registry.get     'x-served-by': 'cache-ams4428-AMS',
212 silly registry.get     'x-cache': 'HIT',
212 silly registry.get     'x-cache-hits': '1',
212 silly registry.get     'x-timer': 'S1483561771.764766,VS0,VE0',
212 silly registry.get     vary: 'Accept-Encoding' } ]
213 verbose etag https://registry.npmjs.org/grunt-contrib-copy from cache
214 silly addNameRange number 2 { name: 'grunt-contrib-copy',
214 silly addNameRange   range: '>=0.8.0-0 <0.9.0-0',
214 silly addNameRange   hasData: true }
215 silly addNameRange versions [ 'grunt-contrib-copy',
215 silly addNameRange   [ '0.2.0',
215 silly addNameRange     '0.2.1',
215 silly addNameRange     '0.2.2',
215 silly addNameRange     '0.2.3',
215 silly addNameRange     '0.2.4',
215 silly addNameRange     '0.3.0',
215 silly addNameRange     '0.3.1',
215 silly addNameRange     '0.3.2',
215 silly addNameRange     '0.4.0',
215 silly addNameRange     '0.4.1',
215 silly addNameRange     '0.5.0',
215 silly addNameRange     '0.6.0',
215 silly addNameRange     '0.7.0',
215 silly addNameRange     '0.8.0',
215 silly addNameRange     '0.8.1',
215 silly addNameRange     '0.8.2',
215 silly addNameRange     '1.0.0',
215 silly addNameRange     '0.4.0-rc7' ] ]
216 verbose addNamed [ 'grunt-contrib-copy', '0.8.2' ]
217 verbose addNamed [ '0.8.2', '0.8.2' ]
218 silly lockFile 5035003b-grunt-contrib-copy-0-8-2 grunt-contrib-copy@0.8.2
219 verbose lock grunt-contrib-copy@0.8.2 /home/sukhmeet032795/.npm/5035003b-grunt-contrib-copy-0-8-2.lock
220 silly lockFile 5322716d-opy-grunt-contrib-copy-0-8-2-tgz https://registry.npmjs.org/grunt-contrib-copy/-/grunt-contrib-copy-0.8.2.tgz
221 verbose lock https://registry.npmjs.org/grunt-contrib-copy/-/grunt-contrib-copy-0.8.2.tgz /home/sukhmeet032795/.npm/5322716d-opy-grunt-contrib-copy-0-8-2-tgz.lock
222 verbose addRemoteTarball [ 'https://registry.npmjs.org/grunt-contrib-copy/-/grunt-contrib-copy-0.8.2.tgz',
222 verbose addRemoteTarball   'df31c90ffcc409bc9fafe44ec0dd1e4259916fea' ]
223 info retry fetch attempt 1 at 01:59:31
224 verbose fetch to= /tmp/npm-3511-t0hqf45b/registry.npmjs.org/grunt-contrib-copy/-/grunt-contrib-copy-0.8.2.tgz
225 http GET https://registry.npmjs.org/grunt-contrib-copy/-/grunt-contrib-copy-0.8.2.tgz
226 http 304 https://registry.npmjs.org/grunt-mkdir
227 silly registry.get cb [ 304,
227 silly registry.get   { date: 'Wed, 04 Jan 2017 20:29:31 GMT',
227 silly registry.get     via: '1.1 varnish',
227 silly registry.get     'cache-control': 'max-age=300',
227 silly registry.get     etag: 'W/"56cad123-24e5"',
227 silly registry.get     age: '0',
227 silly registry.get     connection: 'keep-alive',
227 silly registry.get     'x-served-by': 'cache-ams4433-AMS',
227 silly registry.get     'x-cache': 'HIT',
227 silly registry.get     'x-cache-hits': '1',
227 silly registry.get     'x-timer': 'S1483561771.773405,VS0,VE7',
227 silly registry.get     vary: 'Accept-Encoding' } ]
228 verbose etag https://registry.npmjs.org/grunt-mkdir from cache
229 silly addNameRange number 2 { name: 'grunt-mkdir',
229 silly addNameRange   range: '>=0.1.2-0 <0.2.0-0',
229 silly addNameRange   hasData: true }
230 silly addNameRange versions [ 'grunt-mkdir',
230 silly addNameRange   [ '0.1.0', '0.1.1', '0.1.2', '0.1.3', '1.0.0' ] ]
231 verbose addNamed [ 'grunt-mkdir', '0.1.3' ]
232 verbose addNamed [ '0.1.3', '0.1.3' ]
233 silly lockFile 865dea0a-grunt-mkdir-0-1-3 grunt-mkdir@0.1.3
234 verbose lock grunt-mkdir@0.1.3 /home/sukhmeet032795/.npm/865dea0a-grunt-mkdir-0-1-3.lock
235 silly lockFile ea07df60-runt-mkdir-grunt-mkdir-0-1-3-tgz https://registry.npmjs.org/grunt-mkdir/-/grunt-mkdir-0.1.3.tgz
236 verbose lock https://registry.npmjs.org/grunt-mkdir/-/grunt-mkdir-0.1.3.tgz /home/sukhmeet032795/.npm/ea07df60-runt-mkdir-grunt-mkdir-0-1-3-tgz.lock
237 verbose addRemoteTarball [ 'https://registry.npmjs.org/grunt-mkdir/-/grunt-mkdir-0.1.3.tgz',
237 verbose addRemoteTarball   '5b780a3c1024bfcd3908d77122e939414c6e676c' ]
238 info retry fetch attempt 1 at 01:59:31
239 verbose fetch to= /tmp/npm-3511-t0hqf45b/registry.npmjs.org/grunt-mkdir/-/grunt-mkdir-0.1.3.tgz
240 http GET https://registry.npmjs.org/grunt-mkdir/-/grunt-mkdir-0.1.3.tgz
241 http 200 https://registry.npmjs.org/grunt-contrib-nodeunit/-/grunt-contrib-nodeunit-0.4.1.tgz
242 silly lockFile 386c66f6-grunt-contrib-nodeunit-0-4-1-tgz https://registry.npmjs.org/grunt-contrib-nodeunit/-/grunt-contrib-nodeunit-0.4.1.tgz
243 silly lockFile 386c66f6-grunt-contrib-nodeunit-0-4-1-tgz https://registry.npmjs.org/grunt-contrib-nodeunit/-/grunt-contrib-nodeunit-0.4.1.tgz
244 silly lockFile 3261ce55-grunt-contrib-nodeunit-0-4-1 grunt-contrib-nodeunit@0.4.1
245 silly lockFile 3261ce55-grunt-contrib-nodeunit-0-4-1 grunt-contrib-nodeunit@0.4.1
246 silly lockFile 4d6b3342-grunt-contrib-nodeunit-0-4-1 grunt-contrib-nodeunit@~0.4.1
247 silly lockFile 4d6b3342-grunt-contrib-nodeunit-0-4-1 grunt-contrib-nodeunit@~0.4.1
248 http 200 https://registry.npmjs.org/grunt-contrib-clean/-/grunt-contrib-clean-0.6.0.tgz
249 http 200 https://registry.npmjs.org/grunt-contrib-uglify/-/grunt-contrib-uglify-0.5.1.tgz
250 silly lockFile a195317b-an-grunt-contrib-clean-0-6-0-tgz https://registry.npmjs.org/grunt-contrib-clean/-/grunt-contrib-clean-0.6.0.tgz
251 silly lockFile a195317b-an-grunt-contrib-clean-0-6-0-tgz https://registry.npmjs.org/grunt-contrib-clean/-/grunt-contrib-clean-0.6.0.tgz
252 silly lockFile 0a668ef6-grunt-contrib-clean-0-6-0 grunt-contrib-clean@0.6.0
253 silly lockFile 0a668ef6-grunt-contrib-clean-0-6-0 grunt-contrib-clean@0.6.0
254 silly lockFile 944867a7-grunt-contrib-clean-0-6-0 grunt-contrib-clean@~0.6.0
255 silly lockFile 944867a7-grunt-contrib-clean-0-6-0 grunt-contrib-clean@~0.6.0
256 silly lockFile c69dfd91-y-grunt-contrib-uglify-0-5-1-tgz https://registry.npmjs.org/grunt-contrib-uglify/-/grunt-contrib-uglify-0.5.1.tgz
257 silly lockFile c69dfd91-y-grunt-contrib-uglify-0-5-1-tgz https://registry.npmjs.org/grunt-contrib-uglify/-/grunt-contrib-uglify-0.5.1.tgz
258 silly lockFile a34481be-grunt-contrib-uglify-0-5-1 grunt-contrib-uglify@0.5.1
259 silly lockFile a34481be-grunt-contrib-uglify-0-5-1 grunt-contrib-uglify@0.5.1
260 silly lockFile 2d901165-grunt-contrib-uglify-0-5-0 grunt-contrib-uglify@~0.5.0
261 silly lockFile 2d901165-grunt-contrib-uglify-0-5-0 grunt-contrib-uglify@~0.5.0
262 http 200 https://registry.npmjs.org/grunt-contrib-copy/-/grunt-contrib-copy-0.8.2.tgz
263 silly lockFile 5322716d-opy-grunt-contrib-copy-0-8-2-tgz https://registry.npmjs.org/grunt-contrib-copy/-/grunt-contrib-copy-0.8.2.tgz
264 silly lockFile 5322716d-opy-grunt-contrib-copy-0-8-2-tgz https://registry.npmjs.org/grunt-contrib-copy/-/grunt-contrib-copy-0.8.2.tgz
265 silly lockFile 5035003b-grunt-contrib-copy-0-8-2 grunt-contrib-copy@0.8.2
266 silly lockFile 5035003b-grunt-contrib-copy-0-8-2 grunt-contrib-copy@0.8.2
267 silly lockFile 0e8a5e90-grunt-contrib-copy-0-8-0 grunt-contrib-copy@~0.8.0
268 silly lockFile 0e8a5e90-grunt-contrib-copy-0-8-0 grunt-contrib-copy@~0.8.0
269 http 200 https://registry.npmjs.org/grunt-contrib-jshint/-/grunt-contrib-jshint-0.10.0.tgz
270 silly lockFile 97fbf99a--grunt-contrib-jshint-0-10-0-tgz https://registry.npmjs.org/grunt-contrib-jshint/-/grunt-contrib-jshint-0.10.0.tgz
271 silly lockFile 97fbf99a--grunt-contrib-jshint-0-10-0-tgz https://registry.npmjs.org/grunt-contrib-jshint/-/grunt-contrib-jshint-0.10.0.tgz
272 silly lockFile af8d4102-grunt-contrib-jshint-0-10-0 grunt-contrib-jshint@0.10.0
273 silly lockFile af8d4102-grunt-contrib-jshint-0-10-0 grunt-contrib-jshint@0.10.0
274 silly lockFile 956acfd4-grunt-contrib-jshint-0-10-0 grunt-contrib-jshint@~0.10.0
275 silly lockFile 956acfd4-grunt-contrib-jshint-0-10-0 grunt-contrib-jshint@~0.10.0
276 http 200 https://registry.npmjs.org/grunt-mkdir/-/grunt-mkdir-0.1.3.tgz
277 silly lockFile ea07df60-runt-mkdir-grunt-mkdir-0-1-3-tgz https://registry.npmjs.org/grunt-mkdir/-/grunt-mkdir-0.1.3.tgz
278 silly lockFile ea07df60-runt-mkdir-grunt-mkdir-0-1-3-tgz https://registry.npmjs.org/grunt-mkdir/-/grunt-mkdir-0.1.3.tgz
279 silly lockFile 865dea0a-grunt-mkdir-0-1-3 grunt-mkdir@0.1.3
280 silly lockFile 865dea0a-grunt-mkdir-0-1-3 grunt-mkdir@0.1.3
281 silly lockFile 542eda85-grunt-mkdir-0-1-2 grunt-mkdir@~0.1.2
282 silly lockFile 542eda85-grunt-mkdir-0-1-2 grunt-mkdir@~0.1.2
283 error Error: EACCES, mkdir '/home/sukhmeet032795/.npm/grunt-contrib-clean/0.6.0'
283 error  { [Error: EACCES, mkdir '/home/sukhmeet032795/.npm/grunt-contrib-clean/0.6.0']
283 error   errno: 3,
283 error   code: 'EACCES',
283 error   path: '/home/sukhmeet032795/.npm/grunt-contrib-clean/0.6.0',
283 error   parent: 'reponsive-images' }
284 error Please try running this command again as root/Administrator.
285 error System Linux 4.4.0-57-generic
286 error command "/usr/bin/node" "/usr/bin/npm" "install"
287 error cwd /home/sukhmeet032795/Downloads/Project-Part-3-Start
288 error node -v v0.10.37
289 error npm -v 1.4.28
290 error path /home/sukhmeet032795/.npm/grunt-contrib-clean/0.6.0
291 error code EACCES
292 error errno 3
293 error stack Error: EACCES, mkdir '/home/sukhmeet032795/.npm/grunt-contrib-clean/0.6.0'
294 verbose exit [ 3, true ]
